#! /usr/bin/vvp
:ivl_version "0.9.7 " "(v0_9_7)";
:vpi_time_precision + 0;
:vpi_module "system";
:vpi_module "v2005_math";
:vpi_module "va_math";
S_0x1aad010 .scope module, "testfulladd" "testfulladd" 2 1;
 .timescale 0 0;
v0x1abf040_0 .var "a", 0 0;
v0x1abf0e0_0 .var "b", 0 0;
v0x1abf190_0 .var "ci", 0 0;
v0x1abf240_0 .net "co", 0 0, L_0x1abf6c0; 1 drivers
v0x1abf320_0 .net "s", 0 0, L_0x1abf990; 1 drivers
S_0x1aad100 .scope module, "f1" "FullAdderStructure" 2 24, 3 1, S_0x1aad010;
 .timescale 0 0;
L_0x1abf3d0 .functor AND 1, v0x1abf040_0, v0x1abf0e0_0, C4<1>, C4<1>;
L_0x1abf4b0 .functor AND 1, v0x1abf0e0_0, v0x1abf190_0, C4<1>, C4<1>;
L_0x1abf560 .functor AND 1, v0x1abf190_0, v0x1abf040_0, C4<1>, C4<1>;
L_0x1abf5c0 .functor OR 1, L_0x1abf3d0, L_0x1abf4b0, C4<0>, C4<0>;
L_0x1abf6c0 .functor OR 1, L_0x1abf5c0, L_0x1abf560, C4<0>, C4<0>;
L_0x1abf810 .functor XOR 1, v0x1abf040_0, v0x1abf0e0_0, C4<0>, C4<0>;
L_0x1abf990 .functor XOR 1, L_0x1abf810, v0x1abf190_0, C4<0>, C4<0>;
v0x1a89b20_0 .net "cin", 0 0, v0x1abf190_0; 1 drivers
v0x1abe9a0_0 .alias "cout", 0 0, v0x1abf240_0;
v0x1abea40_0 .alias "s", 0 0, v0x1abf320_0;
v0x1abeae0_0 .net "w1", 0 0, L_0x1abf3d0; 1 drivers
v0x1abeb90_0 .net "w2", 0 0, L_0x1abf4b0; 1 drivers
v0x1abec30_0 .net "w3", 0 0, L_0x1abf560; 1 drivers
v0x1abed10_0 .net "w4", 0 0, L_0x1abf5c0; 1 drivers
v0x1abedb0_0 .net "w5", 0 0, L_0x1abf810; 1 drivers
v0x1abeea0_0 .net "x", 0 0, v0x1abf040_0; 1 drivers
v0x1abef40_0 .net "y", 0 0, v0x1abf0e0_0; 1 drivers
    .scope S_0x1aad010;
T_0 ;
    %vpi_call 2 9 "$monitor", "%t %b + %b + %b = %b cout:%b", $time, v0x1abf040_0, v0x1abf0e0_0, v0x1abf190_0, v0x1abf320_0, v0x1abf240_0;
    %ix/load 0, 1, 0;
    %assign/v0 v0x1abf040_0, 0, 0;
    %ix/load 0, 1, 0;
    %assign/v0 v0x1abf0e0_0, 0, 0;
    %ix/load 0, 1, 0;
    %assign/v0 v0x1abf190_0, 0, 0;
    %delay 40, 0;
    %ix/load 0, 1, 0;
    %assign/v0 v0x1abf040_0, 0, 1;
    %ix/load 0, 1, 0;
    %assign/v0 v0x1abf0e0_0, 0, 1;
    %ix/load 0, 1, 0;
    %assign/v0 v0x1abf190_0, 0, 0;
    %delay 40, 0;
    %ix/load 0, 1, 0;
    %assign/v0 v0x1abf040_0, 0, 1;
    %ix/load 0, 1, 0;
    %assign/v0 v0x1abf0e0_0, 0, 0;
    %ix/load 0, 1, 0;
    %assign/v0 v0x1abf190_0, 0, 1;
    %delay 40, 0;
    %ix/load 0, 1, 0;
    %assign/v0 v0x1abf040_0, 0, 0;
    %ix/load 0, 1, 0;
    %assign/v0 v0x1abf0e0_0, 0, 0;
    %ix/load 0, 1, 0;
    %assign/v0 v0x1abf190_0, 0, 1;
    %delay 40, 0;
    %ix/load 0, 1, 0;
    %assign/v0 v0x1abf040_0, 0, 1;
    %ix/load 0, 1, 0;
    %assign/v0 v0x1abf0e0_0, 0, 1;
    %ix/load 0, 1, 0;
    %assign/v0 v0x1abf190_0, 0, 1;
    %delay 40, 0;
    %vpi_call 2 20 "$finish";
    %end;
    .thread T_0;
# The file index is used to find the file name in the following table.
:file_names 4;
    "N/A";
    "<interactive>";
    "simfulladd.v";
    "FulladderStructure.v";
