#! /usr/bin/vvp
:ivl_version "0.9.7 " "(v0_9_7)";
:vpi_time_precision + 0;
:vpi_module "system";
:vpi_module "v2005_math";
:vpi_module "va_math";
S_0x27ac250 .scope module, "multest" "multest" 2 1;
 .timescale 0 0;
v0x27c4580_0 .var "A", 7 0;
v0x27c4620_0 .var "B", 7 0;
v0x27c46d0_0 .net "O", 16 0, v0x27c41d0_0; 1 drivers
v0x27c4780_0 .var "OR", 16 0;
v0x27c4830_0 .var "ck", 0 0;
v0x27c48e0_0 .net "fin", 0 0, v0x27c4350_0; 1 drivers
v0x27c4960_0 .var "st", 3 0;
v0x27c49e0_0 .var "start", 0 0;
E_0x279a000 .event negedge, v0x27c4270_0;
S_0x27ac340 .scope module, "MUL" "mul" 2 25, 3 1, S_0x27ac250;
 .timescale 0 0;
v0x279be50_0 .net "A", 7 0, v0x27c4580_0; 1 drivers
v0x27c3fe0_0 .var "AIN", 7 0;
v0x27c4080_0 .net "B", 7 0, v0x27c4620_0; 1 drivers
v0x27c4120_0 .var "BIN", 7 0;
v0x27c41d0_0 .var "O", 16 0;
v0x27c4270_0 .net "ck", 0 0, v0x27c4830_0; 1 drivers
v0x27c4350_0 .var "fin", 0 0;
v0x27c43f0_0 .var "st", 3 0;
v0x27c44e0_0 .net "start", 0 0, v0x27c49e0_0; 1 drivers
E_0x27a99d0 .event posedge, v0x27c4270_0;
    .scope S_0x27ac340;
T_0 ;
    %wait E_0x27a99d0;
    %load/v 8, v0x27c44e0_0, 1;
    %mov 9, 0, 2;
    %cmpi/u 8, 1, 3;
    %jmp/0xz  T_0.0, 4;
    %ix/load 0, 1, 0;
    %assign/v0 v0x27c4350_0, 0, 0;
    %load/v 8, v0x279be50_0, 8;
    %ix/load 0, 8, 0;
    %assign/v0 v0x27c3fe0_0, 0, 8;
    %load/v 8, v0x27c4080_0, 8;
    %ix/load 0, 8, 0;
    %assign/v0 v0x27c4120_0, 0, 8;
    %ix/load 0, 17, 0;
    %assign/v0 v0x27c41d0_0, 0, 0;
    %ix/load 0, 4, 0;
    %assign/v0 v0x27c43f0_0, 0, 0;
    %jmp T_0.1;
T_0.0 ;
    %load/v 8, v0x27c43f0_0, 4;
    %cmpi/u 8, 0, 4;
    %jmp/1 T_0.2, 6;
    %cmpi/u 8, 1, 4;
    %jmp/1 T_0.3, 6;
    %cmpi/u 8, 2, 4;
    %jmp/1 T_0.4, 6;
    %cmpi/u 8, 3, 4;
    %jmp/1 T_0.5, 6;
    %cmpi/u 8, 4, 4;
    %jmp/1 T_0.6, 6;
    %cmpi/u 8, 5, 4;
    %jmp/1 T_0.7, 6;
    %cmpi/u 8, 6, 4;
    %jmp/1 T_0.8, 6;
    %cmpi/u 8, 7, 4;
    %jmp/1 T_0.9, 6;
    %cmpi/u 8, 8, 4;
    %jmp/1 T_0.10, 6;
    %jmp T_0.11;
T_0.2 ;
    %load/v 8, v0x27c41d0_0, 17;
    %ix/load 0, 1, 0;
    %mov 4, 0, 1;
    %shiftl/i0  8, 17;
    %load/v 25, v0x27c3fe0_0, 8;
    %mov 33, 0, 9;
    %ix/load 1, 7, 0;
    %mov 4, 0, 1;
    %jmp/1 T_0.12, 4;
    %load/x1p 42, v0x27c4120_0, 1;
    %movi 43, 0, 16;
    %jmp T_0.13;
T_0.12 ;
    %mov 42, 2, 17;
T_0.13 ;
; Save base=42 wid=17 in lookaside.
    %mul 25, 42, 17;
    %add 8, 25, 17;
    %ix/load 0, 17, 0;
    %assign/v0 v0x27c41d0_0, 0, 8;
    %jmp T_0.11;
T_0.3 ;
    %load/v 8, v0x27c41d0_0, 17;
    %ix/load 0, 1, 0;
    %mov 4, 0, 1;
    %shiftl/i0  8, 17;
    %load/v 25, v0x27c3fe0_0, 8;
    %mov 33, 0, 9;
    %ix/load 1, 6, 0;
    %mov 4, 0, 1;
    %jmp/1 T_0.14, 4;
    %load/x1p 42, v0x27c4120_0, 1;
    %movi 43, 0, 16;
    %jmp T_0.15;
T_0.14 ;
    %mov 42, 2, 17;
T_0.15 ;
; Save base=42 wid=17 in lookaside.
    %mul 25, 42, 17;
    %add 8, 25, 17;
    %ix/load 0, 17, 0;
    %assign/v0 v0x27c41d0_0, 0, 8;
    %jmp T_0.11;
T_0.4 ;
    %load/v 8, v0x27c41d0_0, 17;
    %ix/load 0, 1, 0;
    %mov 4, 0, 1;
    %shiftl/i0  8, 17;
    %load/v 25, v0x27c3fe0_0, 8;
    %mov 33, 0, 9;
    %ix/load 1, 5, 0;
    %mov 4, 0, 1;
    %jmp/1 T_0.16, 4;
    %load/x1p 42, v0x27c4120_0, 1;
    %movi 43, 0, 16;
    %jmp T_0.17;
T_0.16 ;
    %mov 42, 2, 17;
T_0.17 ;
; Save base=42 wid=17 in lookaside.
    %mul 25, 42, 17;
    %add 8, 25, 17;
    %ix/load 0, 17, 0;
    %assign/v0 v0x27c41d0_0, 0, 8;
    %jmp T_0.11;
T_0.5 ;
    %load/v 8, v0x27c41d0_0, 17;
    %ix/load 0, 1, 0;
    %mov 4, 0, 1;
    %shiftl/i0  8, 17;
    %load/v 25, v0x27c3fe0_0, 8;
    %mov 33, 0, 9;
    %ix/load 1, 4, 0;
    %mov 4, 0, 1;
    %jmp/1 T_0.18, 4;
    %load/x1p 42, v0x27c4120_0, 1;
    %movi 43, 0, 16;
    %jmp T_0.19;
T_0.18 ;
    %mov 42, 2, 17;
T_0.19 ;
; Save base=42 wid=17 in lookaside.
    %mul 25, 42, 17;
    %add 8, 25, 17;
    %ix/load 0, 17, 0;
    %assign/v0 v0x27c41d0_0, 0, 8;
    %jmp T_0.11;
T_0.6 ;
    %load/v 8, v0x27c41d0_0, 17;
    %ix/load 0, 1, 0;
    %mov 4, 0, 1;
    %shiftl/i0  8, 17;
    %load/v 25, v0x27c3fe0_0, 8;
    %mov 33, 0, 9;
    %ix/load 1, 3, 0;
    %mov 4, 0, 1;
    %jmp/1 T_0.20, 4;
    %load/x1p 42, v0x27c4120_0, 1;
    %movi 43, 0, 16;
    %jmp T_0.21;
T_0.20 ;
    %mov 42, 2, 17;
T_0.21 ;
; Save base=42 wid=17 in lookaside.
    %mul 25, 42, 17;
    %add 8, 25, 17;
    %ix/load 0, 17, 0;
    %assign/v0 v0x27c41d0_0, 0, 8;
    %jmp T_0.11;
T_0.7 ;
    %load/v 8, v0x27c41d0_0, 17;
    %ix/load 0, 1, 0;
    %mov 4, 0, 1;
    %shiftl/i0  8, 17;
    %load/v 25, v0x27c3fe0_0, 8;
    %mov 33, 0, 9;
    %ix/load 1, 2, 0;
    %mov 4, 0, 1;
    %jmp/1 T_0.22, 4;
    %load/x1p 42, v0x27c4120_0, 1;
    %movi 43, 0, 16;
    %jmp T_0.23;
T_0.22 ;
    %mov 42, 2, 17;
T_0.23 ;
; Save base=42 wid=17 in lookaside.
    %mul 25, 42, 17;
    %add 8, 25, 17;
    %ix/load 0, 17, 0;
    %assign/v0 v0x27c41d0_0, 0, 8;
    %jmp T_0.11;
T_0.8 ;
    %load/v 8, v0x27c41d0_0, 17;
    %ix/load 0, 1, 0;
    %mov 4, 0, 1;
    %shiftl/i0  8, 17;
    %load/v 25, v0x27c3fe0_0, 8;
    %mov 33, 0, 9;
    %ix/load 1, 1, 0;
    %mov 4, 0, 1;
    %jmp/1 T_0.24, 4;
    %load/x1p 42, v0x27c4120_0, 1;
    %movi 43, 0, 16;
    %jmp T_0.25;
T_0.24 ;
    %mov 42, 2, 17;
T_0.25 ;
; Save base=42 wid=17 in lookaside.
    %mul 25, 42, 17;
    %add 8, 25, 17;
    %ix/load 0, 17, 0;
    %assign/v0 v0x27c41d0_0, 0, 8;
    %jmp T_0.11;
T_0.9 ;
    %load/v 8, v0x27c41d0_0, 17;
    %ix/load 0, 1, 0;
    %mov 4, 0, 1;
    %shiftl/i0  8, 17;
    %load/v 25, v0x27c3fe0_0, 8;
    %mov 33, 0, 9;
    %load/v 42, v0x27c4120_0, 1; Only need 1 of 8 bits
    %movi 43, 0, 16;
; Save base=42 wid=17 in lookaside.
    %mul 25, 42, 17;
    %add 8, 25, 17;
    %ix/load 0, 17, 0;
    %assign/v0 v0x27c41d0_0, 0, 8;
    %ix/load 0, 1, 0;
    %assign/v0 v0x27c4350_0, 0, 1;
    %jmp T_0.11;
T_0.10 ;
    %ix/load 0, 1, 0;
    %assign/v0 v0x27c4350_0, 0, 0;
    %set/v v0x27c43f0_0, 0, 4;
    %jmp T_0.11;
T_0.11 ;
    %load/v 8, v0x27c43f0_0, 4;
    %mov 12, 0, 28;
    %addi 8, 1, 32;
    %ix/load 0, 4, 0;
    %assign/v0 v0x27c43f0_0, 0, 8;
T_0.1 ;
    %jmp T_0;
    .thread T_0;
    .scope S_0x27ac250;
T_1 ;
    %set/v v0x27c4830_0, 0, 1;
    %set/v v0x27c49e0_0, 0, 1;
    %set/v v0x27c4960_0, 0, 4;
    %vpi_call 2 18 "$dumpvars";
    %vpi_call 2 19 "$dumpfile", "mul.vcd";
    %vpi_call 2 20 "$monitor", "%t\011A=%h, B=%h, (OUT=%h) OUT=%h", $time, v0x27c4580_0, v0x27c4620_0, v0x27c46d0_0, v0x27c4780_0;
    %delay 1000, 0;
    %vpi_call 2 21 "$finish";
    %end;
    .thread T_1;
    .scope S_0x27ac250;
T_2 ;
    %delay 10, 0;
    %load/v 8, v0x27c4830_0, 1;
    %inv 8, 1;
    %set/v v0x27c4830_0, 8, 1;
    %jmp T_2;
    .thread T_2;
    .scope S_0x27ac250;
T_3 ;
    %wait E_0x279a000;
    %load/v 8, v0x27c4960_0, 4;
    %mov 12, 0, 1;
    %cmpi/u 8, 0, 5;
    %jmp/0xz  T_3.0, 4;
    %ix/load 0, 1, 0;
    %assign/v0 v0x27c49e0_0, 0, 1;
    %jmp T_3.1;
T_3.0 ;
    %ix/load 0, 1, 0;
    %assign/v0 v0x27c49e0_0, 0, 0;
T_3.1 ;
    %load/v 8, v0x27c48e0_0, 1;
    %mov 9, 0, 2;
    %cmpi/u 8, 1, 3;
    %jmp/0xz  T_3.2, 4;
    %load/v 8, v0x27c46d0_0, 17;
    %ix/load 0, 17, 0;
    %assign/v0 v0x27c4780_0, 0, 8;
    %vpi_func 2 32 "$random", 8, 32;
    %set/v v0x27c4580_0, 8, 8;
    %vpi_func 2 32 "$random", 8, 32;
    %set/v v0x27c4620_0, 8, 8;
T_3.2 ;
    %load/v 8, v0x27c4960_0, 4;
    %mov 12, 0, 28;
    %addi 8, 1, 32;
    %ix/load 0, 4, 0;
    %assign/v0 v0x27c4960_0, 0, 8;
    %jmp T_3;
    .thread T_3;
# The file index is used to find the file name in the following table.
:file_names 4;
    "N/A";
    "<interactive>";
    "multest0.v";
    "mul0.v";
