#! /usr/bin/vvp
:ivl_version "0.9.7 " "(v0_9_7)";
:vpi_time_precision + 0;
:vpi_module "system";
:vpi_module "v2005_math";
:vpi_module "va_math";
S_0x177e3f0 .scope module, "testmul4" "testmul4" 2 1;
 .timescale 0 0;
v0x178d5b0_0 .var "a", 3 0;
v0x178d680_0 .var "b", 3 0;
v0x178d730_0 .net "s", 7 0, L_0x178d7e0; 1 drivers
S_0x177e4e0 .scope module, "mul" "mul4" 2 14, 3 1, S_0x177e3f0;
 .timescale 0 0;
v0x1758e20_0 .net "a", 3 0, v0x178d5b0_0; 1 drivers
v0x178d470_0 .net "b", 3 0, v0x178d680_0; 1 drivers
v0x178d510_0 .alias "s", 7 0, v0x178d730_0;
L_0x178d7e0 .arith/mult 8, v0x178d5b0_0, v0x178d680_0;
    .scope S_0x177e3f0;
T_0 ;
    %vpi_call 2 5 "$monitor", "%t %b + %b = %b", $time, v0x178d5b0_0, v0x178d680_0, v0x178d730_0;
    %ix/load 0, 4, 0;
    %assign/v0 v0x178d5b0_0, 0, 0;
    %ix/load 0, 4, 0;
    %assign/v0 v0x178d680_0, 0, 0;
    %delay 40, 0;
    %movi 8, 1, 4;
    %ix/load 0, 4, 0;
    %assign/v0 v0x178d5b0_0, 0, 8;
    %movi 8, 3, 4;
    %ix/load 0, 4, 0;
    %assign/v0 v0x178d680_0, 0, 8;
    %delay 40, 0;
    %movi 8, 4, 4;
    %ix/load 0, 4, 0;
    %assign/v0 v0x178d5b0_0, 0, 8;
    %movi 8, 8, 4;
    %ix/load 0, 4, 0;
    %assign/v0 v0x178d680_0, 0, 8;
    %delay 40, 0;
    %vpi_func 2 9 "$random", 8, 32;
    %ix/load 0, 4, 0;
    %assign/v0 v0x178d5b0_0, 0, 8;
    %vpi_func 2 9 "$random", 8, 32;
    %ix/load 0, 4, 0;
    %assign/v0 v0x178d680_0, 0, 8;
    %delay 40, 0;
    %vpi_func 2 10 "$random", 8, 32;
    %ix/load 0, 4, 0;
    %assign/v0 v0x178d5b0_0, 0, 8;
    %vpi_func 2 10 "$random", 8, 32;
    %ix/load 0, 4, 0;
    %assign/v0 v0x178d680_0, 0, 8;
    %delay 40, 0;
    %vpi_call 2 12 "$finish";
    %end;
    .thread T_0;
# The file index is used to find the file name in the following table.
:file_names 4;
    "N/A";
    "<interactive>";
    "testmul41.v";
    "mul4.v";
