#! /usr/bin/vvp
:ivl_version "0.9.7 " "(v0_9_7)";
:vpi_time_precision + 0;
:vpi_module "system";
:vpi_module "v2005_math";
:vpi_module "va_math";
S_0x2607440 .scope module, "testfulladd" "testfulladd" 2 1;
 .timescale 0 0;
v0x263dbc0_0 .var "a", 0 0;
v0x263dc60_0 .var "b", 0 0;
v0x263dd10_0 .var "ci", 0 0;
v0x263ddc0_0 .net "co", 0 0, L_0x263e240; 1 drivers
v0x263dea0_0 .net "s", 0 0, L_0x263e510; 1 drivers
S_0x262bdc0 .scope module, "add" "FullAdderFunction" 2 24, 3 1, S_0x2607440;
 .timescale 0 0;
L_0x263df50 .functor AND 1, v0x263dbc0_0, v0x263dc60_0, C4<1>, C4<1>;
L_0x263e030 .functor AND 1, v0x263dbc0_0, v0x263dd10_0, C4<1>, C4<1>;
L_0x263e0e0 .functor OR 1, L_0x263df50, L_0x263e030, C4<0>, C4<0>;
L_0x263e1e0 .functor AND 1, v0x263dc60_0, v0x263dd10_0, C4<1>, C4<1>;
L_0x263e240 .functor OR 1, L_0x263e0e0, L_0x263e1e0, C4<0>, C4<0>;
L_0x263e390 .functor XOR 1, v0x263dbc0_0, v0x263dc60_0, C4<0>, C4<0>;
L_0x263e510 .functor XOR 1, L_0x263e390, v0x263dd10_0, C4<0>, C4<0>;
v0x2606e20_0 .net *"_s0", 0 0, L_0x263df50; 1 drivers
v0x263d520_0 .net *"_s10", 0 0, L_0x263e390; 1 drivers
v0x263d5c0_0 .net *"_s2", 0 0, L_0x263e030; 1 drivers
v0x263d660_0 .net *"_s4", 0 0, L_0x263e0e0; 1 drivers
v0x263d710_0 .net *"_s6", 0 0, L_0x263e1e0; 1 drivers
v0x263d7b0_0 .net "cin", 0 0, v0x263dd10_0; 1 drivers
v0x263d890_0 .alias "cout", 0 0, v0x263ddc0_0;
v0x263d930_0 .alias "s", 0 0, v0x263dea0_0;
v0x263da20_0 .net "x", 0 0, v0x263dbc0_0; 1 drivers
v0x263dac0_0 .net "y", 0 0, v0x263dc60_0; 1 drivers
    .scope S_0x2607440;
T_0 ;
    %vpi_call 2 9 "$monitor", "%t \345\205\245\345\212\233(x:%b,y:%b,cin:%b) -> \345\207\272\345\212\233(s:%b,cout:%b)", $time, v0x263dbc0_0, v0x263dc60_0, v0x263dd10_0, v0x263dea0_0, v0x263ddc0_0;
    %ix/load 0, 1, 0;
    %assign/v0 v0x263dbc0_0, 0, 0;
    %ix/load 0, 1, 0;
    %assign/v0 v0x263dc60_0, 0, 0;
    %ix/load 0, 1, 0;
    %assign/v0 v0x263dd10_0, 0, 0;
    %delay 40, 0;
    %ix/load 0, 1, 0;
    %assign/v0 v0x263dbc0_0, 0, 1;
    %ix/load 0, 1, 0;
    %assign/v0 v0x263dc60_0, 0, 1;
    %ix/load 0, 1, 0;
    %assign/v0 v0x263dd10_0, 0, 0;
    %delay 40, 0;
    %ix/load 0, 1, 0;
    %assign/v0 v0x263dbc0_0, 0, 1;
    %ix/load 0, 1, 0;
    %assign/v0 v0x263dc60_0, 0, 0;
    %ix/load 0, 1, 0;
    %assign/v0 v0x263dd10_0, 0, 1;
    %delay 40, 0;
    %ix/load 0, 1, 0;
    %assign/v0 v0x263dbc0_0, 0, 0;
    %ix/load 0, 1, 0;
    %assign/v0 v0x263dc60_0, 0, 0;
    %ix/load 0, 1, 0;
    %assign/v0 v0x263dd10_0, 0, 1;
    %delay 40, 0;
    %ix/load 0, 1, 0;
    %assign/v0 v0x263dbc0_0, 0, 1;
    %ix/load 0, 1, 0;
    %assign/v0 v0x263dc60_0, 0, 1;
    %ix/load 0, 1, 0;
    %assign/v0 v0x263dd10_0, 0, 1;
    %delay 40, 0;
    %vpi_call 2 20 "$finish";
    %end;
    .thread T_0;
# The file index is used to find the file name in the following table.
:file_names 4;
    "N/A";
    "<interactive>";
    "simfulladd_ans.v";
    "FullAdderFunction.v";
