#! /usr/bin/vvp
:ivl_version "0.9.7 " "(v0_9_7)";
:vpi_time_precision + 0;
:vpi_module "system";
:vpi_module "v2005_math";
:vpi_module "va_math";
S_0x1637840 .scope module, "testcount4r2" "testcount4r2" 2 1;
 .timescale 0 0;
v0x1647420_0 .var "ck", 0 0;
v0x16474f0_0 .net "out", 3 0, v0x16472d0_0; 1 drivers
v0x16475a0_0 .var "res", 0 0;
S_0x1637930 .scope module, "cnt" "count4r2" 2 28, 3 1, S_0x1637840;
 .timescale 0 0;
v0x1612f20_0 .net "ck", 0 0, v0x1647420_0; 1 drivers
v0x1647230_0 .alias "out", 3 0, v0x16474f0_0;
v0x16472d0_0 .var "q", 3 0;
v0x1647370_0 .net "res", 0 0, v0x16475a0_0; 1 drivers
E_0x16138f0/0 .event negedge, v0x1647370_0;
E_0x16138f0/1 .event posedge, v0x1612f20_0;
E_0x16138f0 .event/or E_0x16138f0/0, E_0x16138f0/1;
    .scope S_0x1637930;
T_0 ;
    %wait E_0x16138f0;
    %load/v 8, v0x1647370_0, 1;
    %inv 8, 1;
    %jmp/0xz  T_0.0, 8;
    %ix/load 0, 4, 0;
    %assign/v0 v0x16472d0_0, 0, 0;
    %jmp T_0.1;
T_0.0 ;
    %load/v 8, v0x16472d0_0, 4;
    %mov 12, 0, 28;
    %addi 8, 2, 32;
    %ix/load 0, 4, 0;
    %assign/v0 v0x16472d0_0, 0, 8;
T_0.1 ;
    %jmp T_0;
    .thread T_0;
    .scope S_0x1637840;
T_1 ;
    %vpi_call 2 9 "$monitor", "%t %b %b %b", $time, v0x1647420_0, v0x16475a0_0, v0x16474f0_0;
    %ix/load 0, 1, 0;
    %assign/v0 v0x1647420_0, 0, 0;
    %ix/load 0, 1, 0;
    %assign/v0 v0x16475a0_0, 0, 0;
    %delay 40, 0;
    %ix/load 0, 1, 0;
    %assign/v0 v0x16475a0_0, 0, 1;
    %delay 350, 0;
    %vpi_call 2 21 "$finish";
    %end;
    .thread T_1;
    .scope S_0x1637840;
T_2 ;
    %delay 10, 0;
    %load/v 8, v0x1647420_0, 1;
    %inv 8, 1;
    %ix/load 0, 1, 0;
    %assign/v0 v0x1647420_0, 0, 8;
    %jmp T_2;
    .thread T_2;
# The file index is used to find the file name in the following table.
:file_names 4;
    "N/A";
    "<interactive>";
    "testcount4r2.v";
    "count4r2.v";
