#! /usr/bin/vvp
:ivl_version "0.9.7 " "(v0_9_7)";
:vpi_time_precision + 0;
:vpi_module "system";
:vpi_module "v2005_math";
:vpi_module "va_math";
S_0x1c62840 .scope module, "testcount4r2m" "testcount4r2m" 2 1;
 .timescale 0 0;
v0x1c72380_0 .var "ck", 0 0;
v0x1c72450_0 .net "out", 3 0, v0x1c72230_0; 1 drivers
v0x1c72500_0 .var "res", 0 0;
S_0x1c62930 .scope module, "cnt" "count4r2m" 2 28, 3 1, S_0x1c62840;
 .timescale 0 0;
v0x1c3df20_0 .net "ck", 0 0, v0x1c72380_0; 1 drivers
v0x1c72190_0 .alias "out", 3 0, v0x1c72450_0;
v0x1c72230_0 .var "q", 3 0;
v0x1c722d0_0 .net "res", 0 0, v0x1c72500_0; 1 drivers
E_0x1c3e850/0 .event negedge, v0x1c722d0_0;
E_0x1c3e850/1 .event posedge, v0x1c3df20_0;
E_0x1c3e850 .event/or E_0x1c3e850/0, E_0x1c3e850/1;
    .scope S_0x1c62930;
T_0 ;
    %wait E_0x1c3e850;
    %load/v 8, v0x1c722d0_0, 1;
    %inv 8, 1;
    %jmp/0xz  T_0.0, 8;
    %movi 8, 1, 4;
    %ix/load 0, 4, 0;
    %assign/v0 v0x1c72230_0, 0, 8;
    %jmp T_0.1;
T_0.0 ;
    %load/v 8, v0x1c72230_0, 4;
    %muli 8, 2, 4;
    %ix/load 0, 4, 0;
    %assign/v0 v0x1c72230_0, 0, 8;
T_0.1 ;
    %jmp T_0;
    .thread T_0;
    .scope S_0x1c62840;
T_1 ;
    %vpi_call 2 9 "$monitor", "%t %b %b %b", $time, v0x1c72380_0, v0x1c72500_0, v0x1c72450_0;
    %ix/load 0, 1, 0;
    %assign/v0 v0x1c72380_0, 0, 0;
    %ix/load 0, 1, 0;
    %assign/v0 v0x1c72500_0, 0, 0;
    %delay 40, 0;
    %ix/load 0, 1, 0;
    %assign/v0 v0x1c72500_0, 0, 1;
    %delay 350, 0;
    %vpi_call 2 21 "$finish";
    %end;
    .thread T_1;
    .scope S_0x1c62840;
T_2 ;
    %delay 10, 0;
    %load/v 8, v0x1c72380_0, 1;
    %inv 8, 1;
    %ix/load 0, 1, 0;
    %assign/v0 v0x1c72380_0, 0, 8;
    %jmp T_2;
    .thread T_2;
# The file index is used to find the file name in the following table.
:file_names 4;
    "N/A";
    "<interactive>";
    "testcount4r2m.v";
    "count4r2m.v";
